<?xml version="1.0" encoding="UTF-8"?>
<!-- Generated by org.testng.reporters.JUnitXMLReporter -->
<testsuite ignored="0" hostname="LAPTOP-O65DUQ5Q" failures="1" tests="2" name="Periplus Tests" time="101.166" errors="0" timestamp="2024-11-29T19:17:39 WIB">
  <testcase classname="AppTest" name="testLogin" time="56.283"/>
  <testcase classname="AppTest" name="testAddToCartWithEdgeCase" time="33.668">
    <failure type="java.lang.AssertionError" message="Product quantity did not increase correctly. expected [2] but found [1]">
      <![CDATA[java.lang.AssertionError: Product quantity did not increase correctly. expected [2] but found [1]
at AppTest.testAddToCartWithEdgeCase(AppTest.java:166)
at java.base/java.util.ArrayList.forEach(ArrayList.java:1596)
... Removed 30 stack frames]]>
    </failure>
  </testcase> <!-- testAddToCartWithEdgeCase -->
</testsuite> <!-- Periplus Tests -->
